D:\visual\MSBuild\Microsoft\VC\v160\Microsoft.CppBuild.targets(491,5): warning MSB8028: промежуточный каталог (x64\Debug\) содержит файлы, которые используются совместно с другим проектом (AsmSVA2020.vcxproj).  Это может привести к ошибкам очистки и перестроения.
  Assembling ..\SVA-2020\code.txt.asm...
..\SVA-2020\code.txt.asm(1): error A2008: syntax error : .
..\SVA-2020\code.txt.asm(2): error A2008: syntax error : .
..\SVA-2020\code.txt.asm(13): error A2008: syntax error : .
..\SVA-2020\code.txt.asm(64): error A2070: invalid instruction operands
..\SVA-2020\code.txt.asm(65): error A2070: invalid instruction operands
..\SVA-2020\code.txt.asm(66): error A2070: invalid instruction operands
..\SVA-2020\code.txt.asm(68): error A2070: invalid instruction operands
..\SVA-2020\code.txt.asm(69): error A2070: invalid instruction operands
..\SVA-2020\code.txt.asm(70): error A2070: invalid instruction operands
..\SVA-2020\code.txt.asm(75): error A2070: invalid instruction operands
..\SVA-2020\code.txt.asm(76): error A2070: invalid instruction operands
..\SVA-2020\code.txt.asm(77): error A2070: invalid instruction operands
..\SVA-2020\code.txt.asm(78): error A2070: invalid instruction operands
..\SVA-2020\code.txt.asm(80): error A2070: invalid instruction operands
..\SVA-2020\code.txt.asm(81): error A2070: invalid instruction operands
..\SVA-2020\code.txt.asm(82): error A2070: invalid instruction operands
..\SVA-2020\code.txt.asm(87): error A2070: invalid instruction operands
..\SVA-2020\code.txt.asm(88): error A2070: invalid instruction operands
..\SVA-2020\code.txt.asm(89): error A2070: invalid instruction operands
..\SVA-2020\code.txt.asm(90): error A2070: invalid instruction operands
..\SVA-2020\code.txt.asm(91): error A2070: invalid instruction operands
..\SVA-2020\code.txt.asm(92): error A2070: invalid instruction operands
..\SVA-2020\code.txt.asm(93): error A2070: invalid instruction operands
..\SVA-2020\code.txt.asm(94): error A2070: invalid instruction operands
..\SVA-2020\code.txt.asm(95): error A2070: invalid instruction operands
..\SVA-2020\code.txt.asm(96): error A2070: invalid instruction operands
..\SVA-2020\code.txt.asm(97): error A2070: invalid instruction operands
..\SVA-2020\code.txt.asm(98): error A2070: invalid instruction operands
..\SVA-2020\code.txt.asm(99): error A2070: invalid instruction operands
..\SVA-2020\code.txt.asm(100): error A2070: invalid instruction operands
..\SVA-2020\code.txt.asm(101): error A2070: invalid instruction operands
..\SVA-2020\code.txt.asm(102): error A2070: invalid instruction operands
..\SVA-2020\code.txt.asm(103): error A2070: invalid instruction operands
..\SVA-2020\code.txt.asm(104): error A2070: invalid instruction operands
..\SVA-2020\code.txt.asm(106): error A2070: invalid instruction operands
..\SVA-2020\code.txt.asm(107): error A2070: invalid instruction operands
..\SVA-2020\code.txt.asm(108): error A2070: invalid instruction operands
..\SVA-2020\code.txt.asm(110): error A2070: invalid instruction operands
..\SVA-2020\code.txt.asm(112): error A2070: invalid instruction operands
..\SVA-2020\code.txt.asm(114): error A2070: invalid instruction operands
..\SVA-2020\code.txt.asm(115): error A2070: invalid instruction operands
..\SVA-2020\code.txt.asm(116): error A2070: invalid instruction operands
..\SVA-2020\code.txt.asm(117): error A2070: invalid instruction operands
..\SVA-2020\code.txt.asm(119): error A2070: invalid instruction operands
..\SVA-2020\code.txt.asm(120): error A2070: invalid instruction operands
..\SVA-2020\code.txt.asm(121): error A2070: invalid instruction operands
..\SVA-2020\code.txt.asm(123): error A2070: invalid instruction operands
..\SVA-2020\code.txt.asm(125): error A2070: invalid instruction operands
..\SVA-2020\code.txt.asm(126): error A2070: invalid instruction operands
..\SVA-2020\code.txt.asm(127): error A2070: invalid instruction operands
..\SVA-2020\code.txt.asm(128): error A2070: invalid instruction operands
..\SVA-2020\code.txt.asm(130): error A2070: invalid instruction operands
..\SVA-2020\code.txt.asm(131): error A2070: invalid instruction operands
..\SVA-2020\code.txt.asm(132): error A2070: invalid instruction operands
..\SVA-2020\code.txt.asm(134): error A2070: invalid instruction operands
..\SVA-2020\code.txt.asm(136): error A2070: invalid instruction operands
..\SVA-2020\code.txt.asm(137): error A2070: invalid instruction operands
..\SVA-2020\code.txt.asm(138): error A2070: invalid instruction operands
..\SVA-2020\code.txt.asm(140): error A2070: invalid instruction operands
..\SVA-2020\code.txt.asm(141): error A2070: invalid instruction operands
..\SVA-2020\code.txt.asm(142): error A2070: invalid instruction operands
..\SVA-2020\code.txt.asm(144): error A2070: invalid instruction operands
..\SVA-2020\code.txt.asm(145): error A2070: invalid instruction operands
..\SVA-2020\code.txt.asm(146): error A2070: invalid instruction operands
..\SVA-2020\code.txt.asm(148): error A2070: invalid instruction operands
..\SVA-2020\code.txt.asm(149): error A2070: invalid instruction operands
..\SVA-2020\code.txt.asm(150): error A2070: invalid instruction operands
..\SVA-2020\code.txt.asm(152): error A2070: invalid instruction operands
..\SVA-2020\code.txt.asm(153): error A2070: invalid instruction operands
..\SVA-2020\code.txt.asm(154): error A2070: invalid instruction operands
..\SVA-2020\code.txt.asm(156): error A2070: invalid instruction operands
..\SVA-2020\code.txt.asm(157): error A2070: invalid instruction operands
..\SVA-2020\code.txt.asm(158): error A2070: invalid instruction operands
..\SVA-2020\code.txt.asm(160): error A2070: invalid instruction operands
..\SVA-2020\code.txt.asm(161): error A2070: invalid instruction operands
..\SVA-2020\code.txt.asm(162): error A2070: invalid instruction operands
..\SVA-2020\code.txt.asm(164): error A2070: invalid instruction operands
..\SVA-2020\code.txt.asm(165): error A2070: invalid instruction operands
..\SVA-2020\code.txt.asm(166): error A2070: invalid instruction operands
..\SVA-2020\code.txt.asm(167): error A2070: invalid instruction operands
..\SVA-2020\code.txt.asm(169): error A2070: invalid instruction operands
..\SVA-2020\code.txt.asm(170): error A2070: invalid instruction operands
..\SVA-2020\code.txt.asm(171): error A2070: invalid instruction operands
..\SVA-2020\code.txt.asm(173): error A2070: invalid instruction operands
..\SVA-2020\code.txt.asm(175): error A2070: invalid instruction operands
..\SVA-2020\code.txt.asm(179): error A2070: invalid instruction operands
..\SVA-2020\code.txt.asm(180): error A2070: invalid instruction operands
..\SVA-2020\code.txt.asm(181): error A2070: invalid instruction operands
..\SVA-2020\code.txt.asm(182): error A2070: invalid instruction operands
..\SVA-2020\code.txt.asm(184): error A2070: invalid instruction operands
..\SVA-2020\code.txt.asm(185): error A2070: invalid instruction operands
..\SVA-2020\code.txt.asm(186): error A2070: invalid instruction operands
..\SVA-2020\code.txt.asm(188): error A2070: invalid instruction operands
..\SVA-2020\code.txt.asm(190): error A2070: invalid instruction operands
..\SVA-2020\code.txt.asm(192): error A2070: invalid instruction operands
..\SVA-2020\code.txt.asm(193): error A2070: invalid instruction operands
..\SVA-2020\code.txt.asm(194): error A2070: invalid instruction operands
..\SVA-2020\code.txt.asm(195): error A2070: invalid instruction operands
..\SVA-2020\code.txt.asm(196): error A2070: invalid instruction operands
..\SVA-2020\code.txt.asm(197): error A2070: invalid instruction operands
..\SVA-2020\code.txt.asm(199): fatal error A1012: error count exceeds 100; stopping assembly
D:\visual\MSBuild\Microsoft\VC\v160\BuildCustomizations\masm.targets(70,5): error MSB3721: выход из команды "ml64.exe /c /nologo /Zi /Fo"x64\Debug\code.txt.obj" /W3 /errorReport:prompt  /Ta"..\SVA-2020\code.txt.asm"" с кодом "1".
