c:\users\lil.shum\desktop\sna-2022\sna-2022\sna-2022\debug\vc143.pdb
c:\users\lil.shum\desktop\sna-2022\sna-2022\sna-2022\debug\vc143.idb
c:\users\lil.shum\desktop\sna-2022\sna-2022\sna-2022\debug\sna-2022.obj
c:\users\lil.shum\desktop\sna-2022\sna-2022\sna-2022\debug\lexicalanalysis.obj
c:\users\lil.shum\desktop\sna-2022\sna-2022\sna-2022\debug\fst.obj
c:\users\lil.shum\desktop\sna-2022\sna-2022\sna-2022\debug\error.obj
c:\users\lil.shum\desktop\sna-2022\sna-2022\sna-2022\debug\lt.obj
c:\users\lil.shum\desktop\sna-2022\sna-2022\sna-2022\debug\mfst.obj
c:\users\lil.shum\desktop\sna-2022\sna-2022\sna-2022\debug\polishnotation.obj
c:\users\lil.shum\desktop\sna-2022\sna-2022\sna-2022\debug\generation.obj
c:\users\lil.shum\desktop\sna-2022\sna-2022\sna-2022\debug\grb.obj
c:\users\lil.shum\desktop\sna-2022\sna-2022\sna-2022\debug\parm.obj
c:\users\lil.shum\desktop\sna-2022\sna-2022\sna-2022\debug\log.obj
c:\users\lil.shum\desktop\sna-2022\sna-2022\sna-2022\debug\in.obj
c:\users\lil.shum\desktop\sna-2022\sna-2022\sna-2022\debug\it.obj
f:\кп\sna-2022\sna-2022\sna-2022\debug\vc143.pdb
f:\кп\sna-2022\sna-2022\sna-2022\debug\vc143.idb
f:\кп\sna-2022\sna-2022\sna-2022\debug\sna-2022.obj
f:\кп\sna-2022\sna-2022\sna-2022\debug\polishnotation.obj
f:\кп\sna-2022\sna-2022\sna-2022\debug\parm.obj
f:\кп\sna-2022\sna-2022\sna-2022\debug\mfst.obj
f:\кп\sna-2022\sna-2022\sna-2022\debug\lt.obj
f:\кп\sna-2022\sna-2022\sna-2022\debug\log.obj
f:\кп\sna-2022\sna-2022\sna-2022\debug\lexicalanalysis.obj
f:\кп\sna-2022\sna-2022\sna-2022\debug\it.obj
f:\кп\sna-2022\sna-2022\sna-2022\debug\in.obj
f:\кп\sna-2022\sna-2022\sna-2022\debug\grb.obj
f:\кп\sna-2022\sna-2022\sna-2022\debug\generation.obj
f:\кп\sna-2022\sna-2022\sna-2022\debug\fst.obj
f:\кп\sna-2022\sna-2022\sna-2022\debug\error.obj
c:\users\lil.shum\desktop\sna-2022\sna-2022\debug\sna-2022.exe
c:\users\lil.shum\desktop\sna-2022\sna-2022\sna-2022\debug\sna-2022.ilk
c:\users\lil.shum\desktop\sna-2022\sna-2022\debug\sna-2022.pdb
f:\кп\sna-2022\sna-2022\debug\sna-2022.exe
f:\кп\sna-2022\sna-2022\sna-2022\debug\sna-2022.ilk
f:\кп\sna-2022\sna-2022\debug\sna-2022.pdb
f:\кп\sna-2022\sna-2022\sna-2022\debug\sna-2022.tlog\cl.command.1.tlog
f:\кп\sna-2022\sna-2022\sna-2022\debug\sna-2022.tlog\cl.read.1.tlog
f:\кп\sna-2022\sna-2022\sna-2022\debug\sna-2022.tlog\cl.write.1.tlog
f:\кп\sna-2022\sna-2022\sna-2022\debug\sna-2022.tlog\link.command.1.tlog
f:\кп\sna-2022\sna-2022\sna-2022\debug\sna-2022.tlog\link.read.1.tlog
f:\кп\sna-2022\sna-2022\sna-2022\debug\sna-2022.tlog\link.write.1.tlog
